#-----------------------------------------------------------
# Vivado v2024.2 (64-bit)
# SW Build 5239630 on Fri Nov 08 22:35:27 MST 2024
# IP Build 5239520 on Sun Nov 10 16:12:51 MST 2024
# SharedData Build 5239561 on Fri Nov 08 14:39:27 MST 2024
# Start of session at: Sun Mar 23 16:03:28 2025
# Process ID         : 12752
# Current directory  : C:/Users/User/Desktop/Vivado/project_2
# Command line       : vivado.exe -gui_launcher_event rodinguilauncherevent13356 C:\Users\User\Desktop\Vivado\project_2\project_2.xpr
# Log file           : C:/Users/User/Desktop/Vivado/project_2/vivado.log
# Journal file       : C:/Users/User/Desktop/Vivado/project_2\vivado.jou
# Running On         : DESKTOP-J2JTSSE
# Platform           : Windows Server 2016 or Windows 10
# Operating System   : 22631
# Processor Detail   : Intel(R) Core(TM) i7-8550U CPU @ 1.80GHz
# CPU Frequency      : 1992 MHz
# CPU Physical cores : 4
# CPU Logical cores  : 8
# Host memory        : 8485 MB
# Swap memory        : 15569 MB
# Total Virtual      : 24054 MB
# Available Virtual  : 10694 MB
#-----------------------------------------------------------
start_gui
open_project C:/Users/User/Desktop/Vivado/project_2/project_2.xpr
INFO: [filemgmt 56-3] Default IP Output Path : Could not find the directory 'C:/Users/User/Desktop/Vivado/project_2/project_2.gen/sources_1'.
Scanning sources...
Finished scanning sources
INFO: [IP_Flow 19-234] Refreshing IP repositories
INFO: [IP_Flow 19-1704] No user IP repositories specified
INFO: [IP_Flow 19-2313] Loaded Vivado IP repository 'C:/Users/User/Desktop/Vivado/2024.2/data/ip'.
open_project: Time (s): cpu = 00:00:10 ; elapsed = 00:00:10 . Memory (MB): peak = 1208.129 ; gain = 117.414
exit
INFO: [Common 17-206] Exiting Vivado at Sun Mar 23 16:04:35 2025...
